<?xml version="1.0" encoding="UTF-8"?>
<testsuite xmlns:xsi="http://www.w3.org/2001/XMLSchema-instance" xsi:noNamespaceSchemaLocation="https://maven.apache.org/surefire/maven-surefire-plugin/xsd/surefire-test-report-3.0.xsd" version="3.0" name="org.example.VendaTest" time="0.017" tests="13" errors="0" skipped="0" failures="0">
  <properties>
    <property name="sun.desktop" value="windows"/>
    <property name="awt.toolkit" value="sun.awt.windows.WToolkit"/>
    <property name="java.specification.version" value="11"/>
    <property name="sun.cpu.isalist" value="amd64"/>
    <property name="sun.jnu.encoding" value="Cp1252"/>
    <property name="java.class.path" value="C:\Users\Kaio Aguiar\Downloads\TestUnitarioAV1\target\test-classes;C:\Users\Kaio Aguiar\Downloads\TestUnitarioAV1\target\classes;C:\Users\Kaio Aguiar\.m2\repository\org\junit\jupiter\junit-jupiter\5.10.0\junit-jupiter-5.10.0.jar;C:\Users\Kaio Aguiar\.m2\repository\org\junit\jupiter\junit-jupiter-api\5.10.0\junit-jupiter-api-5.10.0.jar;C:\Users\Kaio Aguiar\.m2\repository\org\opentest4j\opentest4j\1.3.0\opentest4j-1.3.0.jar;C:\Users\Kaio Aguiar\.m2\repository\org\junit\platform\junit-platform-commons\1.10.0\junit-platform-commons-1.10.0.jar;C:\Users\Kaio Aguiar\.m2\repository\org\apiguardian\apiguardian-api\1.1.2\apiguardian-api-1.1.2.jar;C:\Users\Kaio Aguiar\.m2\repository\org\junit\jupiter\junit-jupiter-params\5.10.0\junit-jupiter-params-5.10.0.jar;C:\Users\Kaio Aguiar\.m2\repository\org\junit\jupiter\junit-jupiter-engine\5.10.0\junit-jupiter-engine-5.10.0.jar;C:\Users\Kaio Aguiar\.m2\repository\org\junit\platform\junit-platform-engine\1.10.0\junit-platform-engine-1.10.0.jar;C:\Users\Kaio Aguiar\.m2\repository\junit\junit\3.8.2\junit-3.8.2.jar;"/>
    <property name="java.vm.vendor" value="Microsoft"/>
    <property name="sun.arch.data.model" value="64"/>
    <property name="user.variant" value=""/>
    <property name="java.vendor.url" value="https://www.microsoft.com"/>
    <property name="user.timezone" value="America/Sao_Paulo"/>
    <property name="java.vm.specification.version" value="11"/>
    <property name="os.name" value="Windows 10"/>
    <property name="sun.java.launcher" value="SUN_STANDARD"/>
    <property name="user.country" value="BR"/>
    <property name="sun.boot.library.path" value="C:\Users\Kaio Aguiar\.jdks\ms-11.0.27\bin"/>
    <property name="sun.java.command" value="C:\Users\Kaio Aguiar\AppData\Local\Temp\surefire6989741326479222569\surefirebooter-20250504142032810_3.jar C:\Users\Kaio Aguiar\AppData\Local\Temp\surefire6989741326479222569 2025-05-04T14-20-32_528-jvmRun1 surefire-20250504142032810_1tmp surefire_0-20250504142032810_2tmp"/>
    <property name="jdk.debug" value="release"/>
    <property name="surefire.test.class.path" value="C:\Users\Kaio Aguiar\Downloads\TestUnitarioAV1\target\test-classes;C:\Users\Kaio Aguiar\Downloads\TestUnitarioAV1\target\classes;C:\Users\Kaio Aguiar\.m2\repository\org\junit\jupiter\junit-jupiter\5.10.0\junit-jupiter-5.10.0.jar;C:\Users\Kaio Aguiar\.m2\repository\org\junit\jupiter\junit-jupiter-api\5.10.0\junit-jupiter-api-5.10.0.jar;C:\Users\Kaio Aguiar\.m2\repository\org\opentest4j\opentest4j\1.3.0\opentest4j-1.3.0.jar;C:\Users\Kaio Aguiar\.m2\repository\org\junit\platform\junit-platform-commons\1.10.0\junit-platform-commons-1.10.0.jar;C:\Users\Kaio Aguiar\.m2\repository\org\apiguardian\apiguardian-api\1.1.2\apiguardian-api-1.1.2.jar;C:\Users\Kaio Aguiar\.m2\repository\org\junit\jupiter\junit-jupiter-params\5.10.0\junit-jupiter-params-5.10.0.jar;C:\Users\Kaio Aguiar\.m2\repository\org\junit\jupiter\junit-jupiter-engine\5.10.0\junit-jupiter-engine-5.10.0.jar;C:\Users\Kaio Aguiar\.m2\repository\org\junit\platform\junit-platform-engine\1.10.0\junit-platform-engine-1.10.0.jar;C:\Users\Kaio Aguiar\.m2\repository\junit\junit\3.8.2\junit-3.8.2.jar;"/>
    <property name="sun.cpu.endian" value="little"/>
    <property name="user.home" value="C:\Users\Kaio Aguiar"/>
    <property name="user.language" value="pt"/>
    <property name="java.specification.vendor" value="Oracle Corporation"/>
    <property name="java.version.date" value="2025-04-15"/>
    <property name="java.home" value="C:\Users\Kaio Aguiar\.jdks\ms-11.0.27"/>
    <property name="file.separator" value="\"/>
    <property name="basedir" value="C:\Users\Kaio Aguiar\Downloads\TestUnitarioAV1"/>
    <property name="java.vm.compressedOopsMode" value="Zero based"/>
    <property name="line.separator" value="&#10;"/>
    <property name="java.specification.name" value="Java Platform API Specification"/>
    <property name="java.vm.specification.vendor" value="Oracle Corporation"/>
    <property name="java.awt.graphicsenv" value="sun.awt.Win32GraphicsEnvironment"/>
    <property name="surefire.real.class.path" value="C:\Users\Kaio Aguiar\AppData\Local\Temp\surefire6989741326479222569\surefirebooter-20250504142032810_3.jar"/>
    <property name="user.script" value=""/>
    <property name="sun.management.compiler" value="HotSpot 64-Bit Tiered Compilers"/>
    <property name="java.runtime.version" value="11.0.27+6-LTS"/>
    <property name="user.name" value="Kaio Aguiar"/>
    <property name="path.separator" value=";"/>
    <property name="os.version" value="10.0"/>
    <property name="java.runtime.name" value="OpenJDK Runtime Environment"/>
    <property name="file.encoding" value="Cp1252"/>
    <property name="java.vm.name" value="OpenJDK 64-Bit Server VM"/>
    <property name="java.vendor.version" value="Microsoft-11367275"/>
    <property name="localRepository" value="C:\Users\Kaio Aguiar\.m2\repository"/>
    <property name="java.vendor.url.bug" value="https://github.com/microsoft/openjdk/issues"/>
    <property name="java.io.tmpdir" value="C:\Users\KAIOAG~1\AppData\Local\Temp\"/>
    <property name="idea.version" value="2024.3.5"/>
    <property name="java.version" value="11.0.27"/>
    <property name="user.dir" value="C:\Users\Kaio Aguiar\Downloads\TestUnitarioAV1"/>
    <property name="os.arch" value="amd64"/>
    <property name="java.vm.specification.name" value="Java Virtual Machine Specification"/>
    <property name="java.awt.printerjob" value="sun.awt.windows.WPrinterJob"/>
    <property name="sun.os.patch.level" value=""/>
    <property name="java.library.path" value="C:\Users\Kaio Aguiar\.jdks\ms-11.0.27\bin;C:\Windows\Sun\Java\bin;C:\Windows\system32;C:\Windows;C:\Program Files\Google\Chrome\Application;C:\Windows\system32;C:\Windows;C:\Windows\System32\Wbem;C:\Windows\System32\WindowsPowerShell\v1.0\;C:\Windows\System32\OpenSSH\;C:\Program Files\NVIDIA Corporation\NVIDIA app\NvDLISR;C:\Program Files (x86)\NVIDIA Corporation\PhysX\Common;C:\Program Files\nodejs\;C:\Program Files\dotnet\;C:\Program Files\Git\cmd;C:\Users\Kaio Aguiar\AppData\Local\Microsoft\WindowsApps;C:\Users\Kaio Aguiar\AppData\Roaming\npm;C:\Users\Kaio Aguiar\AppData\Local\Programs\Microsoft VS Code\bin;."/>
    <property name="java.vm.info" value="mixed mode, sharing"/>
    <property name="java.vendor" value="Microsoft"/>
    <property name="java.vm.version" value="11.0.27+6-LTS"/>
    <property name="java.specification.maintenance.version" value="3"/>
    <property name="sun.io.unicode.encoding" value="UnicodeLittle"/>
    <property name="java.class.version" value="55.0"/>
  </properties>
  <testcase name="TestarAumentoEstoqueAposVenda" classname="org.example.VendaTest" time="0.002"/>
  <testcase name="TestarCriacaoVariosProdutosRealizarVendasComEstoqueCompartilhado" classname="org.example.VendaTest" time="0.001"/>
  <testcase name="TestarAlteracaoEstoqueAposTentativaVendaComEstoqueInsuficiente" classname="org.example.VendaTest" time="0.001"/>
  <testcase name="TestarVendaQuantidadeMaiorQueEstoqueDisponível" classname="org.example.VendaTest" time="0.0"/>
  <testcase name="TestarRealizarVendaProdutoQueNaoExiste" classname="org.example.VendaTest" time="0.0"/>
  <testcase name="TestarCalculoTotalVendaCorretamente" classname="org.example.VendaTest" time="0.0"/>
  <testcase name="TestarCriacaoVendaQuantidadeNegativa" classname="org.example.VendaTest" time="0.001"/>
  <testcase name="TestarComportamentoVendaQuandoEstoqueInicialZero" classname="org.example.VendaTest" time="0.001"/>
  <testcase name="TestarAumentoEstoqueAposReposicaoVerificarVendaBemSucedidaPosteriormente" classname="org.example.VendaTest" time="0.001"/>
  <testcase name="TestarVendaQuantidadeMenorQueEstoqueDisponível" classname="org.example.VendaTest" time="0.0"/>
  <testcase name="TestarCalcularTotalVendaQuandoPrecoProdutoAlteradoAntesDaVenda" classname="org.example.VendaTest" time="0.0"/>
  <testcase name="TestarDiminuicaoEstoqueAposVenda" classname="org.example.VendaTest" time="0.001"/>
  <testcase name="TestarVendaQuantidadeIgualQueEstoqueDisponível" classname="org.example.VendaTest" time="0.0"/>
</testsuite>